
> crud@1.0.0 start
> nodemon index.js

[33m[nodemon] 3.1.14[39m
[33m[nodemon] to restart at any time, enter `rs`[39m
[33m[nodemon] watching path(s): *.*[39m
[33m[nodemon] watching extensions: js,mjs,cjs,json[39m
[32m[nodemon] starting `node index.js`[39m
◇ injected env (4) from .env // tip: ⌘ custom filepath { path: '/custom/path/.env' }
[31m[nodemon] app crashed - waiting for file changes before starting...[39m
[32m[nodemon] restarting due to changes...[39m
[32m[nodemon] starting `node index.js`[39m
◇ injected env (4) from .env // tip: ⌁ auth for agents [www.vestauth.com]
server is running on port 3000
[32m[nodemon] restarting due to changes...[39m
[32m[nodemon] starting `node index.js`[39m
◇ injected env (4) from .env // tip: ⌘ enable debugging { debug: true }
server is running on port 3000
[32m[nodemon] restarting due to changes...[39m
[32m[nodemon] starting `node index.js`[39m
◇ injected env (4) from .env // tip: ⌘ multiple files { path: ['.env.local', '.env'] }
server is running on port 3000
[32m[nodemon] restarting due to changes...[39m
[32m[nodemon] starting `node index.js`[39m
◇ injected env (4) from .env // tip: ⌘ override existing { override: true }
server is running on port 3000
[32m[nodemon] restarting due to changes...[39m
[32m[nodemon] starting `node index.js`[39m
◇ injected env (4) from .env // tip: ⌘ multiple files { path: ['.env.local', '.env'] }
server is running on port 3000
[32m[nodemon] restarting due to changes...[39m
[32m[nodemon] starting `node index.js`[39m
◇ injected env (4) from .env // tip: ◈ encrypted .env [www.dotenvx.com]
server is running on port 3000
[32m[nodemon] restarting due to changes...[39m
[32m[nodemon] starting `node index.js`[39m
◇ injected env (4) from .env // tip: ⌘ multiple files { path: ['.env.local', '.env'] }
server is running on port 3000
